[2025-11-26 10:53:15] INFO  | src/main.cpp:27 WebServ iniciado
[2025-11-26 10:53:15] DEBUG | src/main.cpp:28 Debug ligado - variáveis iniciais...
[2025-11-26 10:53:15] WARN  | src/main.cpp:29 Aviso exemplo
[2025-11-26 10:53:15] ERROR | src/main.cpp:30 Erro exemplo
[2025-11-26 11:23:30] INFO  | src/main.cpp:27 WebServ iniciado
[2025-11-26 11:23:30] DEBUG | src/main.cpp:28 Debug ligado - variáveis iniciais...
[2025-11-26 11:23:30] WARN  | src/main.cpp:29 Aviso exemplo
[2025-11-26 11:23:30] ERROR | src/main.cpp:30 Erro exemplo
[2025-11-26 11:23:30] INFO  | Server iniciado e ouvindo em 8080
[2025-11-26 11:23:30] INFO  | src/core/Server.cpp:55 Servidor rodando...
[2025-11-26 11:32:23] INFO  | Server iniciado e ouvindo em 8080
[2025-11-26 11:32:23] INFO  | Servidor rodando...
[2025-11-26 11:44:46] INFO  | Servidor com 1 sockets ouvindo

[2025-11-26 11:44:46] INFO  | Servidor rodando...

[2025-11-26 11:44:56] INFO  | Nova conexão: FD 6
[2025-11-26 11:44:56] INFO  | 
📨 Dados recebidos na conexão FD 6: 652 bytes acumulados

[2025-11-26 11:44:56] INFO  | GET / HTTP/1.1 recebido na FD 6

[2025-11-26 11:44:56] DEBUG | Rota encontrada: /

[2025-11-26 11:44:56] INFO  | ➡️  Resposta gerada: Status 200 OK

[2025-11-26 11:44:56] INFO  | ✅ 1 request(s) processado(s) na FD 6

[2025-11-26 11:44:56] INFO  | Conexão fechada: FD 6

[2025-11-26 11:44:56] INFO  | Nova conexão: FD 6
[2025-11-26 11:44:56] INFO  | Nova conexão: FD 7
[2025-11-26 11:44:56] INFO  | 
📨 Dados recebidos na conexão FD 6: 592 bytes acumulados

[2025-11-26 11:44:56] INFO  | GET /3u-server-svgrepo-com.png HTTP/1.1 recebido na FD 6

[2025-11-26 11:44:56] DEBUG | Rota encontrada: /

[2025-11-26 11:44:56] INFO  | ➡️  Resposta gerada: Status 200 OK

[2025-11-26 11:44:56] INFO  | ✅ 1 request(s) processado(s) na FD 6

[2025-11-26 11:44:56] INFO  | Conexão fechada: FD 6

[2025-11-26 11:44:56] INFO  | 
📨 Dados recebidos na conexão FD 7: 580 bytes acumulados

[2025-11-26 11:44:56] INFO  | GET /serverImg.png HTTP/1.1 recebido na FD 7

[2025-11-26 11:44:56] DEBUG | Rota encontrada: /

[2025-11-26 11:44:56] INFO  | ➡️  Resposta gerada: Status 200 OK

[2025-11-26 11:44:56] INFO  | ✅ 1 request(s) processado(s) na FD 7

[2025-11-26 11:44:56] INFO  | Conexão fechada: FD 7

[2025-11-26 11:44:57] INFO  | Nova conexão: FD 6
[2025-11-26 11:44:57] INFO  | 
📨 Dados recebidos na conexão FD 6: 515 bytes acumulados

[2025-11-26 11:44:57] INFO  | GET /index.js HTTP/1.1 recebido na FD 6

[2025-11-26 11:44:57] DEBUG | Rota encontrada: /

[2025-11-26 11:44:57] INFO  | ➡️  Resposta gerada: Status 200 OK

[2025-11-26 11:44:57] INFO  | ✅ 1 request(s) processado(s) na FD 6

[2025-11-26 11:44:57] INFO  | Conexão fechada: FD 6

[2025-11-26 11:49:38] INFO  | Servidor com 1 sockets ouvindo
[2025-11-26 11:49:38] INFO  | Servidor rodando...

[2025-11-26 11:49:42] INFO  | Nova conexão: FD 6
[2025-11-26 11:49:42] INFO  | 📨 Dados recebidos na conexão FD 6: 704 bytes acumulados

[2025-11-26 11:49:42] INFO  | GET /uploads.html HTTP/1.1 recebido na FD 6

[2025-11-26 11:49:42] DEBUG | Rota encontrada: /upload

[2025-11-26 11:49:42] INFO  | ➡️  Resposta gerada: Status 200 OK

[2025-11-26 11:49:42] INFO  | ✅ 1 request(s) processado(s) na FD 6

[2025-11-26 11:49:42] INFO  | Conexão fechada: FD 6

[2025-11-26 11:49:42] INFO  | Nova conexão: FD 6
[2025-11-26 11:49:42] INFO  | Nova conexão: FD 7
[2025-11-26 11:49:42] INFO  | 📨 Dados recebidos na conexão FD 6: 604 bytes acumulados

[2025-11-26 11:49:42] INFO  | GET /3u-server-svgrepo-com.png HTTP/1.1 recebido na FD 6

[2025-11-26 11:49:42] DEBUG | Rota encontrada: /

[2025-11-26 11:49:42] INFO  | ➡️  Resposta gerada: Status 200 OK

[2025-11-26 11:49:42] INFO  | ✅ 1 request(s) processado(s) na FD 6

[2025-11-26 11:49:42] INFO  | Conexão fechada: FD 6

[2025-11-26 11:49:42] INFO  | 📨 Dados recebidos na conexão FD 7: 593 bytes acumulados

[2025-11-26 11:49:42] INFO  | GET /uploadImg4.png HTTP/1.1 recebido na FD 7

[2025-11-26 11:49:42] DEBUG | Rota encontrada: /upload

[2025-11-26 11:49:42] INFO  | ➡️  Resposta gerada: Status 200 OK

[2025-11-26 11:49:42] INFO  | ✅ 1 request(s) processado(s) na FD 7

[2025-11-26 11:49:42] INFO  | Conexão fechada: FD 7

[2025-11-26 11:50:56] INFO  | Servidor com 1 sockets ouvindo
[2025-11-26 11:50:56] INFO  | Servidor rodando...
[2025-11-26 11:50:59] INFO  | Nova conexão: FD 6
[2025-11-26 11:50:59] INFO  | 📨 Dados recebidos na conexão FD 6: 714 bytes acumulados
[2025-11-26 11:50:59] INFO  | GET /index.html HTTP/1.1 recebido na FD 6
[2025-11-26 11:50:59] DEBUG | Rota encontrada: /

[2025-11-26 11:50:59] INFO  | ➡️  Resposta gerada: Status 200 OK
[2025-11-26 11:50:59] INFO  | ✅ 1 request(s) processado(s) na FD 6
[2025-11-26 11:50:59] INFO  | Conexão fechada: FD 6
[2025-11-26 11:50:59] INFO  | Nova conexão: FD 6
[2025-11-26 11:50:59] INFO  | 📨 Dados recebidos na conexão FD 6: 602 bytes acumulados
[2025-11-26 11:50:59] INFO  | GET /3u-server-svgrepo-com.png HTTP/1.1 recebido na FD 6
[2025-11-26 11:50:59] DEBUG | Rota encontrada: /

[2025-11-26 11:50:59] INFO  | ➡️  Resposta gerada: Status 200 OK
[2025-11-26 11:50:59] INFO  | ✅ 1 request(s) processado(s) na FD 6
[2025-11-26 11:50:59] INFO  | Conexão fechada: FD 6
[2025-11-26 11:50:59] INFO  | Nova conexão: FD 6
[2025-11-26 11:50:59] INFO  | 📨 Dados recebidos na conexão FD 6: 590 bytes acumulados
[2025-11-26 11:50:59] INFO  | GET /serverImg.png HTTP/1.1 recebido na FD 6
[2025-11-26 11:50:59] DEBUG | Rota encontrada: /

[2025-11-26 11:50:59] INFO  | ➡️  Resposta gerada: Status 200 OK
[2025-11-26 11:50:59] INFO  | ✅ 1 request(s) processado(s) na FD 6
[2025-11-26 11:50:59] INFO  | Conexão fechada: FD 6
[2025-11-26 11:50:59] INFO  | Nova conexão: FD 6
[2025-11-26 11:50:59] INFO  | 📨 Dados recebidos na conexão FD 6: 525 bytes acumulados
[2025-11-26 11:50:59] INFO  | GET /index.js HTTP/1.1 recebido na FD 6
[2025-11-26 11:50:59] DEBUG | Rota encontrada: /

[2025-11-26 11:50:59] INFO  | ➡️  Resposta gerada: Status 200 OK
[2025-11-26 11:50:59] INFO  | ✅ 1 request(s) processado(s) na FD 6
[2025-11-26 11:50:59] INFO  | Conexão fechada: FD 6
[2025-11-26 11:51:37] INFO  | Servidor com 1 sockets ouvindo
[2025-11-26 11:51:37] INFO  | Servidor rodando...
[2025-11-26 11:51:39] INFO  | Nova conexão: FD 6
[2025-11-26 11:51:39] INFO  | 📨 Dados recebidos na conexão FD 6: 712 bytes acumulados
[2025-11-26 11:51:39] INFO  | GET /index.html HTTP/1.1 recebido na FD 6
[2025-11-26 11:51:39] DEBUG | Rota encontrada: /
[2025-11-26 11:51:39] INFO  | ➡️  Resposta gerada: Status 200 OK
[2025-11-26 11:51:39] INFO  | ✅ 1 request(s) processado(s) na FD 6
[2025-11-26 11:51:39] INFO  | Nova conexão: FD 7
[2025-11-26 11:51:39] INFO  | Conexão fechada: FD 6
[2025-11-26 11:51:39] INFO  | 📨 Dados recebidos na conexão FD 7: 602 bytes acumulados
[2025-11-26 11:51:39] INFO  | GET /3u-server-svgrepo-com.png HTTP/1.1 recebido na FD 7
[2025-11-26 11:51:39] DEBUG | Rota encontrada: /
[2025-11-26 11:51:39] INFO  | ➡️  Resposta gerada: Status 200 OK
[2025-11-26 11:51:39] INFO  | ✅ 1 request(s) processado(s) na FD 7
[2025-11-26 11:51:39] INFO  | Conexão fechada: FD 7
[2025-11-26 11:51:39] INFO  | Nova conexão: FD 6
[2025-11-26 11:51:39] INFO  | 📨 Dados recebidos na conexão FD 6: 590 bytes acumulados
[2025-11-26 11:51:39] INFO  | GET /serverImg.png HTTP/1.1 recebido na FD 6
[2025-11-26 11:51:39] DEBUG | Rota encontrada: /
[2025-11-26 11:51:39] INFO  | ➡️  Resposta gerada: Status 200 OK
[2025-11-26 11:51:39] INFO  | ✅ 1 request(s) processado(s) na FD 6
[2025-11-26 11:51:39] INFO  | Conexão fechada: FD 6
[2025-11-26 11:51:39] INFO  | Nova conexão: FD 6
[2025-11-26 11:51:39] INFO  | 📨 Dados recebidos na conexão FD 6: 525 bytes acumulados
[2025-11-26 11:51:39] INFO  | GET /index.js HTTP/1.1 recebido na FD 6
[2025-11-26 11:51:39] DEBUG | Rota encontrada: /
[2025-11-26 11:51:39] INFO  | ➡️  Resposta gerada: Status 200 OK
[2025-11-26 11:51:39] INFO  | ✅ 1 request(s) processado(s) na FD 6
[2025-11-26 11:51:39] INFO  | Conexão fechada: FD 6
[2025-11-26 11:54:17] INFO  | Nova conexão: FD 6
[2025-11-26 11:54:17] INFO  | 📨 Dados recebidos na conexão FD 6: 652 bytes acumulados
[2025-11-26 11:54:17] INFO  | GET / HTTP/1.1 recebido na FD 6
[2025-11-26 11:54:17] DEBUG | Rota encontrada: /
[2025-11-26 11:54:17] INFO  | ➡️  Resposta gerada: Status 200 OK
[2025-11-26 11:54:17] INFO  | ✅ 1 request(s) processado(s) na FD 6
[2025-11-26 11:54:17] INFO  | Conexão fechada: FD 6
[2025-11-26 11:54:17] INFO  | Nova conexão: FD 6
[2025-11-26 11:54:17] INFO  | Nova conexão: FD 7
[2025-11-26 11:54:18] INFO  | 📨 Dados recebidos na conexão FD 6: 592 bytes acumulados
[2025-11-26 11:54:18] INFO  | GET /3u-server-svgrepo-com.png HTTP/1.1 recebido na FD 6
[2025-11-26 11:54:18] DEBUG | Rota encontrada: /
[2025-11-26 11:54:18] INFO  | ➡️  Resposta gerada: Status 200 OK
[2025-11-26 11:54:18] INFO  | ✅ 1 request(s) processado(s) na FD 6
[2025-11-26 11:54:18] INFO  | Conexão fechada: FD 6
[2025-11-26 11:54:18] INFO  | 📨 Dados recebidos na conexão FD 7: 580 bytes acumulados
[2025-11-26 11:54:18] INFO  | GET /serverImg.png HTTP/1.1 recebido na FD 7
[2025-11-26 11:54:18] DEBUG | Rota encontrada: /
[2025-11-26 11:54:18] INFO  | ➡️  Resposta gerada: Status 200 OK
[2025-11-26 11:54:18] INFO  | ✅ 1 request(s) processado(s) na FD 7
[2025-11-26 11:54:18] INFO  | Conexão fechada: FD 7
[2025-11-26 11:54:18] INFO  | Nova conexão: FD 6
[2025-11-26 11:54:18] INFO  | 📨 Dados recebidos na conexão FD 6: 515 bytes acumulados
[2025-11-26 11:54:18] INFO  | GET /index.js HTTP/1.1 recebido na FD 6
[2025-11-26 11:54:18] DEBUG | Rota encontrada: /
[2025-11-26 11:54:18] INFO  | ➡️  Resposta gerada: Status 200 OK
[2025-11-26 11:54:18] INFO  | ✅ 1 request(s) processado(s) na FD 6
[2025-11-26 11:54:18] INFO  | Conexão fechada: FD 6
[2025-11-26 12:00:36] INFO  | Servidor com 1 sockets ouvindo
[2025-11-26 12:00:36] INFO  | Servidor rodando...
[2025-11-26 12:00:46] INFO  | Nova conexão: FD 6
[2025-11-26 12:00:46] INFO  | 📨 Dados recebidos na conexão FD 6: 704 bytes acumulados
[2025-11-26 12:00:46] INFO  | GET / HTTP/1.1 recebido na FD 6
[2025-11-26 12:00:46] DEBUG | Rota encontrada: /
[2025-11-26 12:00:46] INFO  | Status 200 OK
[2025-11-26 12:00:46] INFO  | Conexão fechada: FD 6
[2025-11-26 12:00:46] INFO  | Nova conexão: FD 6
[2025-11-26 12:00:46] INFO  | 📨 Dados recebidos na conexão FD 6: 644 bytes acumulados
[2025-11-26 12:00:46] INFO  | GET /3u-server-svgrepo-com.png HTTP/1.1 recebido na FD 6
[2025-11-26 12:00:46] DEBUG | Rota encontrada: /
[2025-11-26 12:00:46] INFO  | Status 200 OK
[2025-11-26 12:00:46] INFO  | Conexão fechada: FD 6
[2025-11-26 12:00:46] INFO  | Nova conexão: FD 6
[2025-11-26 12:00:46] INFO  | 📨 Dados recebidos na conexão FD 6: 632 bytes acumulados
[2025-11-26 12:00:46] INFO  | GET /serverImg.png HTTP/1.1 recebido na FD 6
[2025-11-26 12:00:46] DEBUG | Rota encontrada: /
[2025-11-26 12:00:46] INFO  | Status 200 OK
[2025-11-26 12:00:46] INFO  | Nova conexão: FD 7
[2025-11-26 12:00:46] INFO  | 📨 Dados recebidos na conexão FD 7: 567 bytes acumulados
[2025-11-26 12:00:46] INFO  | GET /index.js HTTP/1.1 recebido na FD 7
[2025-11-26 12:00:46] DEBUG | Rota encontrada: /
[2025-11-26 12:00:46] INFO  | Status 200 OK
[2025-11-26 12:00:46] INFO  | Conexão fechada: FD 7
[2025-11-26 12:00:46] INFO  | Conexão fechada: FD 6
[2025-11-26 12:00:47] INFO  | Nova conexão: FD 6
[2025-11-26 12:00:47] INFO  | 📨 Dados recebidos na conexão FD 6: 630 bytes acumulados
[2025-11-26 12:00:47] INFO  | GET /favicon.ico HTTP/1.1 recebido na FD 6
[2025-11-26 12:00:47] DEBUG | Rota encontrada: /
[2025-11-26 12:00:47] INFO  | Status 404 Not Found
[2025-11-26 12:00:47] INFO  | Conexão fechada: FD 6
[2025-11-26 12:04:01] INFO  | Nova conexão: FD 6
[2025-11-26 12:04:01] INFO  | 📨 Dados recebidos na conexão FD 6: 757 bytes acumulados
[2025-11-26 12:04:01] INFO  | GET /services.html HTTP/1.1 recebido na FD 6
[2025-11-26 12:04:01] DEBUG | Rota encontrada: /
[2025-11-26 12:04:01] INFO  | Status 404 Not Found
[2025-11-26 12:04:01] INFO  | Conexão fechada: FD 6
[2025-11-26 12:04:01] INFO  | Nova conexão: FD 6
[2025-11-26 12:04:01] INFO  | Nova conexão: FD 7
[2025-11-26 12:04:01] INFO  | 📨 Dados recebidos na conexão FD 6: 648 bytes acumulados
[2025-11-26 12:04:01] INFO  | GET /errors/error.png HTTP/1.1 recebido na FD 6
[2025-11-26 12:04:01] DEBUG | Rota encontrada: /
[2025-11-26 12:04:01] INFO  | Status 200 OK
[2025-11-26 12:04:01] INFO  | Conexão fechada: FD 6
[2025-11-26 12:04:32] INFO  | 
[TIMEOUT] Keep-Alive Timeout FD 7
[2025-11-26 12:06:33] INFO  | Servidor com 1 sockets ouvindo
[2025-11-26 12:06:33] INFO  | Servidor rodando...
[2025-11-26 12:06:54] INFO  | Nova conexão: FD 6
[2025-11-26 12:06:54] INFO  | 📨 Dados recebidos na conexão FD 6: 754 bytes acumulados
[2025-11-26 12:06:54] INFO  | GET /index.html HTTP/1.1 recebido na FD 6
[2025-11-26 12:06:54] DEBUG | Rota encontrada: /
[2025-11-26 12:06:54] INFO  | Status 200 OK
[2025-11-26 12:06:54] INFO  | Conexão fechada: FD 6
[2025-11-26 12:06:54] INFO  | Nova conexão: FD 6
[2025-11-26 12:06:54] INFO  | Nova conexão: FD 7
[2025-11-26 12:06:54] INFO  | 📨 Dados recebidos na conexão FD 6: 654 bytes acumulados
[2025-11-26 12:06:54] INFO  | GET /3u-server-svgrepo-com.png HTTP/1.1 recebido na FD 6
[2025-11-26 12:06:54] DEBUG | Rota encontrada: /
[2025-11-26 12:06:54] INFO  | Status 200 OK
[2025-11-26 12:06:54] INFO  | Conexão fechada: FD 6
[2025-11-26 12:06:54] INFO  | 📨 Dados recebidos na conexão FD 7: 642 bytes acumulados
[2025-11-26 12:06:54] INFO  | GET /serverImg.png HTTP/1.1 recebido na FD 7
[2025-11-26 12:06:54] DEBUG | Rota encontrada: /
[2025-11-26 12:06:54] INFO  | Status 200 OK
[2025-11-26 12:06:54] INFO  | Conexão fechada: FD 7
[2025-11-26 12:06:54] INFO  | Nova conexão: FD 6
[2025-11-26 12:06:54] INFO  | 📨 Dados recebidos na conexão FD 6: 577 bytes acumulados
[2025-11-26 12:06:54] INFO  | GET /index.js HTTP/1.1 recebido na FD 6
[2025-11-26 12:06:54] DEBUG | Rota encontrada: /
[2025-11-26 12:06:54] INFO  | Status 200 OK
[2025-11-26 12:06:54] INFO  | Conexão fechada: FD 6
[2025-11-26 12:07:01] INFO  | Nova conexão: FD 6
[2025-11-26 12:07:01] INFO  | 📨 Dados recebidos na conexão FD 6: 767 bytes acumulados
[2025-11-26 12:07:01] INFO  | GET /services.html HTTP/1.1 recebido na FD 6
[2025-11-26 12:07:01] DEBUG | Rota encontrada: /
[2025-11-26 12:07:01] INFO  | Status 404 Not Found
[2025-11-26 12:07:01] INFO  | Conexão fechada: FD 6
[2025-11-26 12:07:01] INFO  | Nova conexão: FD 6
[2025-11-26 12:07:01] INFO  | Nova conexão: FD 7
[2025-11-26 12:07:01] INFO  | 📨 Dados recebidos na conexão FD 6: 648 bytes acumulados
[2025-11-26 12:07:01] INFO  | GET /errors/error.png HTTP/1.1 recebido na FD 6
[2025-11-26 12:07:01] DEBUG | Rota encontrada: /
[2025-11-26 12:07:01] INFO  | Status 200 OK
[2025-11-26 12:07:01] INFO  | Conexão fechada: FD 6
[2025-11-26 12:07:32] INFO  | 
[TIMEOUT] Keep-Alive Timeout FD 7
